<?xml version="1.0" encoding="UTF-8"?>
<testsuite name="BindInstanceTest" tests="3" skipped="0" failures="0" errors="0" timestamp="2020-12-12T19:01:38" hostname="DESKTOP-ACM9IK1" time="0.055">
  <properties/>
  <testcase name="success_interface()" classname="BindInstanceTest" time="0.05"/>
  <testcase name="success_bindInstance()" classname="BindInstanceTest" time="0.001"/>
  <testcase name="success_abstractClass()" classname="BindInstanceTest" time="0.002"/>
  <system-out><![CDATA[]]></system-out>
  <system-err><![CDATA[]]></system-err>
</testsuite>
